{"total": {"lines":{"total":10,"covered":4,"skipped":0,"pct":40},"statements":{"total":10,"covered":4,"skipped":0,"pct":40},"functions":{"total":6,"covered":0,"skipped":0,"pct":0},"branches":{"total":0,"covered":0,"skipped":0,"pct":100}}
,"C:\\Users\\vaishm2\\Desktop\\Singapore\\demo\\ParkingServices\\controllers\\gmp_parking.js": {"lines":{"total":10,"covered":4,"skipped":0,"pct":40},"functions":{"total":6,"covered":0,"skipped":0,"pct":0},"statements":{"total":10,"covered":4,"skipped":0,"pct":40},"branches":{"total":0,"covered":0,"skipped":0,"pct":100}}
}
